This is pdfTeX, Version 3.1415926-1.40.10 (TeX Live 2009) (format=pdflatex 2009.11.7)  24 OCT 2012 15:20
entering extended mode
 \write18 enabled.
 file:line:error style messages enabled.
 %&-line parsing enabled.
**TC_RCE_equilibrium_v2.0.tex
(./TC_RCE_equilibrium_v2.0.tex
LaTeX2e <2009/09/24>
Babel <v3.8l> and hyphenation patterns for english, usenglishmax, dumylang, noh
yphenation, german-x-2009-06-19, ngerman-x-2009-06-19, ancientgreek, ibycus, ar
abic, basque, bulgarian, catalan, pinyin, coptic, croatian, czech, danish, dutc
h, esperanto, estonian, farsi, finnish, french, galician, german, ngerman, mono
greek, greek, hungarian, icelandic, indonesian, interlingua, irish, italian, ku
rmanji, latin, latvian, lithuanian, mongolian, mongolian2a, bokmal, nynorsk, po
lish, portuguese, romanian, russian, sanskrit, serbian, slovak, slovenian, span
ish, swedish, turkish, ukenglish, ukrainian, uppersorbian, welsh, loaded.
(/usr/local/texlive/2009/texmf-dist/tex/latex/base/article.cls
Document Class: article 2007/10/19 v1.4h Standard LaTeX document class
(/usr/local/texlive/2009/texmf-dist/tex/latex/base/size12.clo
File: size12.clo 2007/10/19 v1.4h Standard LaTeX file (size option)
)
\c@part=\count79
\c@section=\count80
\c@subsection=\count81
\c@subsubsection=\count82
\c@paragraph=\count83
\c@subparagraph=\count84
\c@figure=\count85
\c@table=\count86
\abovecaptionskip=\skip41
\belowcaptionskip=\skip42
\bibindent=\dimen102
)
(/Users/drchavas/Documents/LaTeX/AMS_LaTeX/ametsoc.sty

LaTeX Warning: You have requested package `/Users/drchavas/Documents/LaTeX/AMS_
LaTeX/ametsoc',
               but the package provides `ametsoc'.

Package: ametsoc 
(/usr/local/texlive/2009/texmf-dist/tex/latex/graphics/graphicx.sty
Package: graphicx 1999/02/16 v1.0f Enhanced LaTeX Graphics (DPC,SPQR)

(/usr/local/texlive/2009/texmf-dist/tex/latex/graphics/keyval.sty
Package: keyval 1999/03/16 v1.13 key=value parser (DPC)
\KV@toks@=\toks14
)
(/usr/local/texlive/2009/texmf-dist/tex/latex/graphics/graphics.sty
Package: graphics 2009/02/05 v1.0o Standard LaTeX Graphics (DPC,SPQR)

(/usr/local/texlive/2009/texmf-dist/tex/latex/graphics/trig.sty
Package: trig 1999/03/16 v1.09 sin cos tan (DPC)
)
(/usr/local/texlive/2009/texmf-dist/tex/latex/latexconfig/graphics.cfg
File: graphics.cfg 2009/08/28 v1.8 graphics configuration of TeX Live
)
Package graphics Info: Driver file: pdftex.def on input line 91.

(/usr/local/texlive/2009/texmf-dist/tex/latex/pdftex-def/pdftex.def
File: pdftex.def 2009/08/25 v0.04m Graphics/color for pdfTeX
\Gread@gobject=\count87
))
\Gin@req@height=\dimen103
\Gin@req@width=\dimen104
)
(/usr/local/texlive/2009/texmf-dist/tex/latex/geometry/geometry.sty
Package: geometry 2008/12/21 v4.2 Page Geometry

(/usr/local/texlive/2009/texmf-dist/tex/generic/oberdiek/ifpdf.sty
Package: ifpdf 2009/04/10 v2.0 Provides the ifpdf switch (HO)
Package ifpdf Info: pdfTeX in pdf mode detected.
)
(/usr/local/texlive/2009/texmf-dist/tex/generic/oberdiek/ifvtex.sty
Package: ifvtex 2008/11/04 v1.4 Switches for detecting VTeX and its modes (HO)
Package ifvtex Info: VTeX not detected.
)
\Gm@cnth=\count88
\Gm@cntv=\count89
\c@Gm@tempcnt=\count90
\Gm@bindingoffset=\dimen105
\Gm@wd@mp=\dimen106
\Gm@odd@mp=\dimen107
\Gm@even@mp=\dimen108
\Gm@dimlist=\toks15

(/usr/local/texlive/2009/texmf-dist/tex/xelatex/xetexconfig/geometry.cfg))
(/usr/local/texlive/2009/texmf-dist/tex/latex/natbib/natbib.sty
Package: natbib 2009/07/16 8.31 (PWD, AO)
\bibhang=\skip43
\bibsep=\skip44
LaTeX Info: Redefining \cite on input line 694.
\c@NAT@ctr=\count91
)
(/usr/local/texlive/2009/texmf-dist/tex/latex/ltxmisc/url.sty
\Urlmuskip=\muskip10
Package: url 2006/04/12  ver 3.3  Verb mode for urls, etc.
)
(/usr/local/texlive/2009/texmf-dist/tex/latex/graphics/color.sty
Package: color 2005/11/14 v1.0j Standard LaTeX Color (DPC)

(/usr/local/texlive/2009/texmf-dist/tex/latex/latexconfig/color.cfg
File: color.cfg 2007/01/18 v1.5 color configuration of teTeX/TeXLive
)
Package color Info: Driver file: pdftex.def on input line 130.
)
(/usr/local/texlive/2009/texmf-dist/tex/latex/fancyhdr/fancyhdr.sty
\fancy@headwidth=\skip45
\f@ncyO@elh=\skip46
\f@ncyO@erh=\skip47
\f@ncyO@olh=\skip48
\f@ncyO@orh=\skip49
\f@ncyO@elf=\skip50
\f@ncyO@erf=\skip51
\f@ncyO@olf=\skip52
\f@ncyO@orf=\skip53
)
(/usr/local/texlive/2009/texmf-dist/tex/latex/amsmath/amsmath.sty
Package: amsmath 2000/07/18 v2.13 AMS math features
\@mathmargin=\skip54

For additional information on amsmath, use the `?' option.
(/usr/local/texlive/2009/texmf-dist/tex/latex/amsmath/amstext.sty
Package: amstext 2000/06/29 v2.01

(/usr/local/texlive/2009/texmf-dist/tex/latex/amsmath/amsgen.sty
File: amsgen.sty 1999/11/30 v2.0
\@emptytoks=\toks16
\ex@=\dimen109
))
(/usr/local/texlive/2009/texmf-dist/tex/latex/amsmath/amsbsy.sty
Package: amsbsy 1999/11/29 v1.2d
\pmbraise@=\dimen110
)
(/usr/local/texlive/2009/texmf-dist/tex/latex/amsmath/amsopn.sty
Package: amsopn 1999/12/14 v2.01 operator names
)
\inf@bad=\count92
LaTeX Info: Redefining \frac on input line 211.
\uproot@=\count93
\leftroot@=\count94
LaTeX Info: Redefining \overline on input line 307.
\classnum@=\count95
\DOTSCASE@=\count96
LaTeX Info: Redefining \ldots on input line 379.
LaTeX Info: Redefining \dots on input line 382.
LaTeX Info: Redefining \cdots on input line 467.
\Mathstrutbox@=\box26
\strutbox@=\box27
\big@size=\dimen111
LaTeX Font Info:    Redeclaring font encoding OML on input line 567.
LaTeX Font Info:    Redeclaring font encoding OMS on input line 568.
\macc@depth=\count97
\c@MaxMatrixCols=\count98
\dotsspace@=\muskip11
\c@parentequation=\count99
\dspbrk@lvl=\count100
\tag@help=\toks17
\row@=\count101
\column@=\count102
\maxfields@=\count103
\andhelp@=\toks18
\eqnshift@=\dimen112
\alignsep@=\dimen113
\tagshift@=\dimen114
\tagwidth@=\dimen115
\totwidth@=\dimen116
\lineht@=\dimen117
\@envbody=\toks19
\multlinegap=\skip55
\multlinetaggap=\skip56
\mathdisplay@stack=\toks20
LaTeX Info: Redefining \[ on input line 2666.
LaTeX Info: Redefining \] on input line 2667.
)
(/usr/local/texlive/2009/texmf-dist/tex/latex/amsfonts/amsfonts.sty
Package: amsfonts 2009/06/22 v3.00 Basic AMSFonts support
\symAMSa=\mathgroup4
\symAMSb=\mathgroup5
LaTeX Font Info:    Overwriting math alphabet `\mathfrak' in version `bold'
(Font)                  U/euf/m/n --> U/euf/b/n on input line 96.
)
(/usr/local/texlive/2009/texmf-dist/tex/latex/amsfonts/amssymb.sty
Package: amssymb 2009/06/22 v3.00
)
(/usr/local/texlive/2009/texmf-dist/tex/latex/tools/bm.sty
Package: bm 2004/02/26 v1.1c Bold Symbol Support (DPC/FMi)
\symboldoperators=\mathgroup6
\symboldletters=\mathgroup7
\symboldsymbols=\mathgroup8
LaTeX Font Info:    Redeclaring math alphabet \mathbf on input line 138.
LaTeX Info: Redefining \bm on input line 204.
)
(/usr/local/texlive/2009/texmf-dist/tex/latex/lineno/lineno.sty
Package: lineno 2005/11/02 line numbers on paragraphs v4.41
\linenopenalty=\count104
\output=\toks21
\linenoprevgraf=\count105
\linenumbersep=\dimen118
\linenumberwidth=\dimen119
\c@linenumber=\count106
\c@pagewiselinenumber=\count107
\c@LN@truepage=\count108
\c@internallinenumber=\count109
\c@internallinenumbers=\count110
\quotelinenumbersep=\dimen120
\bframerule=\dimen121
\bframesep=\dimen122
\bframebox=\box28
LaTeX Info: Redefining \\ on input line 3056.
)
(/usr/local/texlive/2009/texmf-dist/tex/latex/tools/indentfirst.sty
Package: indentfirst 1995/11/23 v1.03 Indent first paragraph (DPC)
)
(/usr/local/texlive/2009/texmf-dist/tex/latex/base/ifthen.sty
Package: ifthen 2001/05/26 v1.1c Standard LaTeX ifthen package (DPC)
)
(/usr/local/texlive/2009/texmf-dist/tex/latex/endfloat/endfloat.sty
Package: endfloat 1995/10/11 v2.4i LaTeX2e package puts figures and tables at e
nd (jdm)
\c@postfig=\count111
\efloat@postfff=\write3
\@ef@fffopen=\count112
\c@posttbl=\count113
\efloat@postttt=\write4
\@ef@tttopen=\count114
))
(/usr/local/texlive/2009/texmf-dist/tex/latex/comment/comment.sty
\CommentStream=\write5

Excluding comment 'comment') (./TC_RCE_equilibrium_v2.0.aux)
\openout1 = `TC_RCE_equilibrium_v2.0.aux'.

LaTeX Font Info:    Checking defaults for OML/cmm/m/it on input line 39.
LaTeX Font Info:    ... okay on input line 39.
LaTeX Font Info:    Checking defaults for T1/cmr/m/n on input line 39.
LaTeX Font Info:    ... okay on input line 39.
LaTeX Font Info:    Checking defaults for OT1/cmr/m/n on input line 39.
LaTeX Font Info:    ... okay on input line 39.
LaTeX Font Info:    Checking defaults for OMS/cmsy/m/n on input line 39.
LaTeX Font Info:    ... okay on input line 39.
LaTeX Font Info:    Checking defaults for OMX/cmex/m/n on input line 39.
LaTeX Font Info:    ... okay on input line 39.
LaTeX Font Info:    Checking defaults for U/cmr/m/n on input line 39.
LaTeX Font Info:    ... okay on input line 39.

(/usr/local/texlive/2009/texmf-dist/tex/context/base/supp-pdf.mkii
[Loading MPS to PDF converter (version 2006.09.02).]
\scratchcounter=\count115
\scratchdimen=\dimen123
\scratchbox=\box29
\nofMPsegments=\count116
\nofMParguments=\count117
\everyMPshowfont=\toks22
\MPscratchCnt=\count118
\MPscratchDim=\dimen124
\MPnumerator=\count119
\everyMPtoPDFconversion=\toks23
)
*geometry detected driver: dvips*
-------------------- Geometry parameters
paper: letterpaper
landscape: --
twocolumn: --
twoside: --
asymmetric: --
h-parts: 72.41226pt, 469.47046pt, 72.41228pt
v-parts: 57.36081pt, 651.56793pt, 86.04124pt
hmarginratio: 1:1
vmarginratio: 2:3
lines: --
heightrounded: --
bindingoffset: 0.0pt
truedimen: --
includehead: --
includefoot: --
includemp: --
driver: dvips
-------------------- Page layout dimensions and switches
\paperwidth  614.295pt
\paperheight 794.96999pt
\textwidth  469.47046pt
\textheight 651.56793pt
\oddsidemargin  0.14227pt
\evensidemargin 0.14227pt
\topmargin  -51.90918pt
\headheight 12.0pt
\headsep    25.0pt
\footskip   30.0pt
\marginparwidth 44.0pt
\marginparsep   10.0pt
\columnsep  10.0pt
\skip\footins  10.8pt plus 4.0pt minus 2.0pt
\hoffset 0.0pt
\voffset 0.0pt
\mag 1000

(1in=72.27pt, 1cm=28.45pt)
-----------------------
LaTeX Font Info:    Try loading font information for U+msa on input line 90.
(/usr/local/texlive/2009/texmf-dist/tex/latex/amsfonts/umsa.fd
File: umsa.fd 2009/06/22 v3.00 AMS symbols A
)
LaTeX Font Info:    Try loading font information for U+msb on input line 90.

(/usr/local/texlive/2009/texmf-dist/tex/latex/amsfonts/umsb.fd
File: umsb.fd 2009/06/22 v3.00 AMS symbols B
)

Package Fancyhdr Warning: \headheight is too small (12.0pt): 
 Make it at least 14.49998pt.
 We now make it that large for the rest of the document.
 This may cause the page layout to be inconsistent, however.

[1
Non-PDF special ignored!{/usr/local/texlive/2009/texmf-var/fonts/map/pdftex/upd
map/pdftex.map}

] [1] [2] [3] [4] [5] [6] [7] [8]
\openout4 = `TC_RCE_equilibrium_v2.0.ttt'.

 (TC_RCE_equilibrium_v2.0.ttt)
[9] [10] [11] [12] [13] [14] [15] [16] [17] [18] [19] [20] [21] [22] [23]
[24] [25] [26]
LaTeX Font Info:    Try loading font information for OMS+cmr on input line 450.

 (/usr/local/texlive/2009/texmf-dist/tex/latex/base/omscmr.fd
File: omscmr.fd 1999/05/25 v2.5h Standard LaTeX font definitions
)
LaTeX Font Info:    Font shape `OMS/cmr/m/n' in size <12> not available
(Font)              Font shape `OMS/cmsy/m/n' tried instead on input line 450.

[27] [28] [29] (./TC_RCE_equilibrium_v2.0.bbl [30

]
Underfull \hbox (badness 2165) in paragraph at lines 79--84
\OT1/cmr/m/n/12 TFANOT [] 2 . 0 . CO ; 2$, URL $\OT1/cmtt/m/n/12 http : / / dx 
. doi . org / 10 . 1175 / 1520-[]0469(1989 ) 046<[]3431 :
 []

[31]
Missing character: There is no Ð in font cmr12!
Missing character: There is no Ð in font cmr12!
 [32]
Underfull \hbox (badness 2111) in paragraph at lines 183--186
[]\OT1/cmr/m/n/12 Smagorinsky, J., 1963: Gen-eral cir-cu-la-tion ex-per-i-ments
 with the prim-i-tive equa-
 []

[33])
\openout3 = `TC_RCE_equilibrium_v2.0.fff'.

 (TC_RCE_equilibrium_v2.0.fff)
AED endfloat: Processing end Figures and Tables [34]
(./TC_RCE_equilibrium_v2.0.lot)
\tf@lot=\write6
\openout6 = `TC_RCE_equilibrium_v2.0.lot'.

 [35



] (./TC_RCE_equilibrium_v2.0.ttt [36])
(./TC_RCE_equilibrium_v2.0.lof [37



])
\tf@lof=\write7
\openout7 = `TC_RCE_equilibrium_v2.0.lof'.

 [38] (./TC_RCE_equilibrium_v2.0.fff
<FIGURES_TC_RCE_equilibrium_v2.0/Fig0half_Sounding_ctrl.pdf, id=145, 569.12625p
t x 569.12625pt>
File: FIGURES_TC_RCE_equilibrium_v2.0/Fig0half_Sounding_ctrl.pdf Graphic file (
type pdf)

<use FIGURES_TC_RCE_equilibrium_v2.0/Fig0half_Sounding_ctrl.pdf> [39

 <./FIGURES_TC_RCE_equilibrium_v2.0/Fig0half_Sounding_ctrl.pdf>]
<FIGURES_TC_RCE_equilibrium_v2.0/Fig1_Domain_size.pdf, id=152, 569.12625pt x 45
5.7025pt>
File: FIGURES_TC_RCE_equilibrium_v2.0/Fig1_Domain_size.pdf Graphic file (type p
df)
 <use FIGURES_TC_RCE_equilibrium_v2.0/Fig1_Domain_size.pdf> [40

 <./FIGURES_TC_RCE_equilibrium_v2.0/Fig1_Domain_size.pdf>]
<FIGURES_TC_RCE_equilibrium_v2.0/Fig2_Control_run.pdf, id=161, 569.12625pt x 45
5.7025pt>
File: FIGURES_TC_RCE_equilibrium_v2.0/Fig2_Control_run.pdf Graphic file (type p
df)
 <use FIGURES_TC_RCE_equilibrium_v2.0/Fig2_Control_run.pdf> [41

 <./FIGURES_TC_RCE_equilibrium_v2.0/Fig2_Control_run.pdf>]
<FIGURES_TC_RCE_equilibrium_v2.0/Fig3_MPI_collapse_V.pdf, id=180, 569.12625pt x
 569.12625pt>
File: FIGURES_TC_RCE_equilibrium_v2.0/Fig3_MPI_collapse_V.pdf Graphic file (typ
e pdf)
 <use FIGURES_TC_RCE_equilibrium_v2.0/Fig3_MPI_collapse_V.pdf>
[42

 <./FIGURES_TC_RCE_equilibrium_v2.0/Fig3_MPI_collapse_V.pdf>]
<FIGURES_TC_RCE_equilibrium_v2.0/Fig4a_MPI_collapse_rm.pdf, id=201, 569.12625pt
 x 569.12625pt>
File: FIGURES_TC_RCE_equilibrium_v2.0/Fig4a_MPI_collapse_rm.pdf Graphic file (t
ype pdf)

<use FIGURES_TC_RCE_equilibrium_v2.0/Fig4a_MPI_collapse_rm.pdf>
<FIGURES_TC_RCE_equilibrium_v2.0/Fig4b_MPI_collapse_r0.pdf, id=202, 569.12625pt
 x 569.12625pt>
File: FIGURES_TC_RCE_equilibrium_v2.0/Fig4b_MPI_collapse_r0.pdf Graphic file (t
ype pdf)

<use FIGURES_TC_RCE_equilibrium_v2.0/Fig4b_MPI_collapse_r0.pdf> [43

 <./FIGURES_TC_RCE_equilibrium_v2.0/Fig4a_MPI_collapse_rm.pdf> <./FIGURES_TC_RC
E_equilibrium_v2.0/Fig4b_MPI_collapse_r0.pdf>]
<FIGURES_TC_RCE_equilibrium_v2.0/Fig5_MPI_collapse_r0ctrlwcool.pdf, id=237, 569
.12625pt x 569.12625pt>
File: FIGURES_TC_RCE_equilibrium_v2.0/Fig5_MPI_collapse_r0ctrlwcool.pdf Graphic
 file (type pdf)

<use FIGURES_TC_RCE_equilibrium_v2.0/Fig5_MPI_collapse_r0ctrlwcool.pdf>
[44

 <./FIGURES_TC_RCE_equilibrium_v2.0/Fig5_MPI_collapse_r0ctrlwcool.pdf>]
<FIGURES_TC_RCE_equilibrium_v2.0/Fig6_Dimensional_scaling.pdf, id=261, 426.5937
5pt x 853.1875pt>
File: FIGURES_TC_RCE_equilibrium_v2.0/Fig6_Dimensional_scaling.pdf Graphic file
 (type pdf)

<use FIGURES_TC_RCE_equilibrium_v2.0/Fig6_Dimensional_scaling.pdf> [45

 <./FIGURES_TC_RCE_equilibrium_v2.0/Fig6_Dimensional_scaling.pdf>]
<FIGURES_TC_RCE_equilibrium_v2.0/Fig7a_Nondimensional_scaling_V.pdf, id=281, 42
6.59375pt x 426.59375pt>
File: FIGURES_TC_RCE_equilibrium_v2.0/Fig7a_Nondimensional_scaling_V.pdf Graphi
c file (type pdf)

<use FIGURES_TC_RCE_equilibrium_v2.0/Fig7a_Nondimensional_scaling_V.pdf>
<FIGURES_TC_RCE_equilibrium_v2.0/Fig7b_Nondimensional_scaling_rm.pdf, id=282, 4
26.59375pt x 426.59375pt>
File: FIGURES_TC_RCE_equilibrium_v2.0/Fig7b_Nondimensional_scaling_rm.pdf Graph
ic file (type pdf)

<use FIGURES_TC_RCE_equilibrium_v2.0/Fig7b_Nondimensional_scaling_rm.pdf>
<FIGURES_TC_RCE_equilibrium_v2.0/Fig7c_Nondimensional_scaling_r0.pdf, id=283, 4
26.59375pt x 426.59375pt>
File: FIGURES_TC_RCE_equilibrium_v2.0/Fig7c_Nondimensional_scaling_r0.pdf Graph
ic file (type pdf)

<use FIGURES_TC_RCE_equilibrium_v2.0/Fig7c_Nondimensional_scaling_r0.pdf>
[46

 <./FIGURES_TC_RCE_equilibrium_v2.0/Fig7a_Nondimensional_scaling_V.pdf> <./FIGU
RES_TC_RCE_equilibrium_v2.0/Fig7b_Nondimensional_scaling_rm.pdf> <./FIGURES_TC_
RCE_equilibrium_v2.0/Fig7c_Nondimensional_scaling_r0.pdf>]
<FIGURES_TC_RCE_equilibrium_v2.0/Fig5half_LR_nocollapse_r0ctrlwcool.pdf, id=356
, 569.12625pt x 569.12625pt>
File: FIGURES_TC_RCE_equilibrium_v2.0/Fig5half_LR_nocollapse_r0ctrlwcool.pdf Gr
aphic file (type pdf)

<use FIGURES_TC_RCE_equilibrium_v2.0/Fig5half_LR_nocollapse_r0ctrlwcool.pdf>
[47

 <./FIGURES_TC_RCE_equilibrium_v2.0/Fig5half_LR_nocollapse_r0ctrlwcool.pdf>]
<FIGURES_TC_RCE_equilibrium_v2.0/Fig9_CkCd_scaling_VmVp.pdf, id=380, 426.59375p
t x 426.59375pt>
File: FIGURES_TC_RCE_equilibrium_v2.0/Fig9_CkCd_scaling_VmVp.pdf Graphic file (
type pdf)

<use FIGURES_TC_RCE_equilibrium_v2.0/Fig9_CkCd_scaling_VmVp.pdf> [48

 <./FIGURES_TC_RCE_equilibrium_v2.0/Fig9_CkCd_scaling_VmVp.pdf>]
<FIGURES_TC_RCE_equilibrium_v2.0/Fig8b_CkCd_nondimensional_scaling_rm.pdf, id=3
97, 426.59375pt x 426.59375pt>
File: FIGURES_TC_RCE_equilibrium_v2.0/Fig8b_CkCd_nondimensional_scaling_rm.pdf 
Graphic file (type pdf)

<use FIGURES_TC_RCE_equilibrium_v2.0/Fig8b_CkCd_nondimensional_scaling_rm.pdf>
<FIGURES_TC_RCE_equilibrium_v2.0/Fig8c_CkCd_nondimensional_scaling_r0.pdf, id=3
98, 426.59375pt x 426.59375pt>
File: FIGURES_TC_RCE_equilibrium_v2.0/Fig8c_CkCd_nondimensional_scaling_r0.pdf 
Graphic file (type pdf)

<use FIGURES_TC_RCE_equilibrium_v2.0/Fig8c_CkCd_nondimensional_scaling_r0.pdf>
[49

 <./FIGURES_TC_RCE_equilibrium_v2.0/Fig8b_CkCd_nondimensional_scaling_rm.pdf> <
./FIGURES_TC_RCE_equilibrium_v2.0/Fig8c_CkCd_nondimensional_scaling_r0.pdf>]
<FIGURES_TC_RCE_equilibrium_v2.0/Fig10_lh_optimize.pdf, id=448, 569.12625pt x 5
69.12625pt>
File: FIGURES_TC_RCE_equilibrium_v2.0/Fig10_lh_optimize.pdf Graphic file (type 
pdf)
 <use FIGURES_TC_RCE_equilibrium_v2.0/Fig10_lh_optimize.pdf>
[50

 <./FIGURES_TC_RCE_equilibrium_v2.0/Fig10_lh_optimize.pdf>])
(./TC_RCE_equilibrium_v2.0.aux) ) 
Here is how much of TeX's memory you used:
 3558 strings out of 493848
 51304 string characters out of 3149207
 107560 words of memory out of 3000000
 6735 multiletter control sequences out of 15000+200000
 21950 words of font info for 80 fonts, out of 3000000 for 9000
 714 hyphenation exceptions out of 8191
 34i,14n,45p,2288b,332s stack positions out of 5000i,500n,10000p,200000b,50000s
</usr/local/texlive/2009/texmf-dist/fonts/type
1/public/amsfonts/cm/cmbx12.pfb></usr/local/texlive/2009/texmf-dist/fonts/type1
/public/amsfonts/cm/cmcsc10.pfb></usr/local/texlive/2009/texmf-dist/fonts/type1
/public/amsfonts/cm/cmex10.pfb></usr/local/texlive/2009/texmf-dist/fonts/type1/
public/amsfonts/cm/cmmi12.pfb></usr/local/texlive/2009/texmf-dist/fonts/type1/p
ublic/amsfonts/cm/cmmi6.pfb></usr/local/texlive/2009/texmf-dist/fonts/type1/pub
lic/amsfonts/cm/cmmi8.pfb></usr/local/texlive/2009/texmf-dist/fonts/type1/publi
c/amsfonts/cm/cmr10.pfb></usr/local/texlive/2009/texmf-dist/fonts/type1/public/
amsfonts/cm/cmr12.pfb></usr/local/texlive/2009/texmf-dist/fonts/type1/public/am
sfonts/cm/cmr6.pfb></usr/local/texlive/2009/texmf-dist/fonts/type1/public/amsfo
nts/cm/cmr7.pfb></usr/local/texlive/2009/texmf-dist/fonts/type1/public/amsfonts
/cm/cmr8.pfb></usr/local/texlive/2009/texmf-dist/fonts/type1/public/amsfonts/cm
/cmss8.pfb></usr/local/texlive/2009/texmf-dist/fonts/type1/public/amsfonts/cm/c
msy10.pfb></usr/local/texlive/2009/texmf-dist/fonts/type1/public/amsfonts/cm/cm
sy6.pfb></usr/local/texlive/2009/texmf-dist/fonts/type1/public/amsfonts/cm/cmsy
7.pfb></usr/local/texlive/2009/texmf-dist/fonts/type1/public/amsfonts/cm/cmsy8.
pfb></usr/local/texlive/2009/texmf-dist/fonts/type1/public/amsfonts/cm/cmti10.p
fb></usr/local/texlive/2009/texmf-dist/fonts/type1/public/amsfonts/cm/cmti12.pf
b></usr/local/texlive/2009/texmf-dist/fonts/type1/public/amsfonts/cm/cmtt12.pfb
></usr/local/texlive/2009/texmf-dist/fonts/type1/public/amsfonts/symbols/msam10
.pfb>
Output written on TC_RCE_equilibrium_v2.0.pdf (51 pages, 513290 bytes).
PDF statistics:
 532 PDF objects out of 1000 (max. 8388607)
 0 named destinations out of 1000 (max. 500000)
 81 words of extra memory for PDF output out of 10000 (max. 10000000)

